[0.072s] DEBUG:colcon:Command line arguments: ['/usr/bin/colcon', 'build']
[0.073s] DEBUG:colcon:Parsed command line arguments: Namespace(log_base=None, log_level=None, verb_name='build', build_base='build', install_base='install', merge_install=False, symlink_install=False, test_result_base=None, continue_on_error=False, executor='parallel', parallel_workers=12, event_handlers=None, ignore_user_meta=False, metas=['./colcon.meta'], base_paths=['.'], packages_ignore=None, packages_ignore_regex=None, paths=None, packages_up_to=None, packages_up_to_regex=None, packages_above=None, packages_above_and_dependencies=None, packages_above_depth=None, packages_select_by_dep=None, packages_skip_by_dep=None, packages_skip_up_to=None, packages_select_build_failed=False, packages_skip_build_finished=False, packages_select_test_failures=False, packages_skip_test_passed=False, packages_select=None, packages_skip=None, packages_select_regex=None, packages_skip_regex=None, packages_start=None, packages_end=None, allow_overriding=[], cmake_args=None, cmake_target=None, cmake_target_skip_unavailable=False, cmake_clean_cache=False, cmake_clean_first=False, cmake_force_configure=False, ament_cmake_args=None, catkin_cmake_args=None, catkin_skip_building_tests=False, mixin_files=None, mixin=None, verb_parser=<colcon_mixin.mixin.mixin_argument.MixinArgumentDecorator object at 0x76d85bd49810>, verb_extension=<colcon_core.verb.build.BuildVerb object at 0x76d85becbcd0>, main=<bound method BuildVerb.main of <colcon_core.verb.build.BuildVerb object at 0x76d85becbcd0>>, mixin_verb=('build',))
[0.188s] Level 1:colcon.colcon_core.package_discovery:discover_packages(colcon_meta) check parameters
[0.188s] Level 1:colcon.colcon_core.package_discovery:discover_packages(recursive) check parameters
[0.188s] Level 1:colcon.colcon_core.package_discovery:discover_packages(ignore) check parameters
[0.188s] Level 1:colcon.colcon_core.package_discovery:discover_packages(path) check parameters
[0.188s] Level 1:colcon.colcon_core.package_discovery:discover_packages(colcon_meta) discover
[0.188s] Level 1:colcon.colcon_core.package_discovery:discover_packages(recursive) discover
[0.188s] INFO:colcon.colcon_core.package_discovery:Crawling recursively for packages in '/home/knulp/dev_ws/knulp_navigator'
[0.188s] Level 1:colcon.colcon_core.package_identification:_identify(.) by extensions ['ignore', 'ignore_ament_install']
[0.188s] Level 1:colcon.colcon_core.package_identification:_identify(.) by extension 'ignore'
[0.188s] Level 1:colcon.colcon_core.package_identification:_identify(.) by extension 'ignore_ament_install'
[0.188s] Level 1:colcon.colcon_core.package_identification:_identify(.) by extensions ['colcon_pkg']
[0.188s] Level 1:colcon.colcon_core.package_identification:_identify(.) by extension 'colcon_pkg'
[0.188s] Level 1:colcon.colcon_core.package_identification:_identify(.) by extensions ['colcon_meta']
[0.188s] Level 1:colcon.colcon_core.package_identification:_identify(.) by extension 'colcon_meta'
[0.188s] Level 1:colcon.colcon_core.package_identification:_identify(.) by extensions ['ros']
[0.188s] Level 1:colcon.colcon_core.package_identification:_identify(.) by extension 'ros'
[0.198s] Level 1:colcon.colcon_core.package_identification:_identify(.) by extensions ['cmake', 'python']
[0.198s] Level 1:colcon.colcon_core.package_identification:_identify(.) by extension 'cmake'
[0.198s] Level 1:colcon.colcon_core.package_identification:_identify(.) by extension 'python'
[0.198s] Level 1:colcon.colcon_core.package_identification:_identify(.) by extensions ['python_setup_py']
[0.198s] Level 1:colcon.colcon_core.package_identification:_identify(.) by extension 'python_setup_py'
[0.198s] Level 1:colcon.colcon_core.package_identification:_identify(build) by extensions ['ignore', 'ignore_ament_install']
[0.198s] Level 1:colcon.colcon_core.package_identification:_identify(build) by extension 'ignore'
[0.198s] Level 1:colcon.colcon_core.package_identification:_identify(build) ignored
[0.198s] Level 1:colcon.colcon_core.package_identification:_identify(camera_model) by extensions ['ignore', 'ignore_ament_install']
[0.198s] Level 1:colcon.colcon_core.package_identification:_identify(camera_model) by extension 'ignore'
[0.198s] Level 1:colcon.colcon_core.package_identification:_identify(camera_model) by extension 'ignore_ament_install'
[0.198s] Level 1:colcon.colcon_core.package_identification:_identify(camera_model) by extensions ['colcon_pkg']
[0.199s] Level 1:colcon.colcon_core.package_identification:_identify(camera_model) by extension 'colcon_pkg'
[0.199s] Level 1:colcon.colcon_core.package_identification:_identify(camera_model) by extensions ['colcon_meta']
[0.199s] Level 1:colcon.colcon_core.package_identification:_identify(camera_model) by extension 'colcon_meta'
[0.199s] Level 1:colcon.colcon_core.package_identification:_identify(camera_model) by extensions ['ros']
[0.199s] Level 1:colcon.colcon_core.package_identification:_identify(camera_model) by extension 'ros'
[0.201s] DEBUG:colcon.colcon_core.package_identification:Package 'camera_model' with type 'ros.ament_cmake' and name 'camera_model'
[0.201s] Level 1:colcon.colcon_core.package_identification:_identify(feature_tracker) by extensions ['ignore', 'ignore_ament_install']
[0.201s] Level 1:colcon.colcon_core.package_identification:_identify(feature_tracker) by extension 'ignore'
[0.201s] Level 1:colcon.colcon_core.package_identification:_identify(feature_tracker) by extension 'ignore_ament_install'
[0.201s] Level 1:colcon.colcon_core.package_identification:_identify(feature_tracker) by extensions ['colcon_pkg']
[0.201s] Level 1:colcon.colcon_core.package_identification:_identify(feature_tracker) by extension 'colcon_pkg'
[0.201s] Level 1:colcon.colcon_core.package_identification:_identify(feature_tracker) by extensions ['colcon_meta']
[0.201s] Level 1:colcon.colcon_core.package_identification:_identify(feature_tracker) by extension 'colcon_meta'
[0.201s] Level 1:colcon.colcon_core.package_identification:_identify(feature_tracker) by extensions ['ros']
[0.201s] Level 1:colcon.colcon_core.package_identification:_identify(feature_tracker) by extension 'ros'
[0.202s] DEBUG:colcon.colcon_core.package_identification:Package 'feature_tracker' with type 'ros.ament_cmake' and name 'feature_tracker'
[0.202s] Level 1:colcon.colcon_core.package_identification:_identify(install) by extensions ['ignore', 'ignore_ament_install']
[0.202s] Level 1:colcon.colcon_core.package_identification:_identify(install) by extension 'ignore'
[0.202s] Level 1:colcon.colcon_core.package_identification:_identify(install) ignored
[0.202s] Level 1:colcon.colcon_core.package_identification:_identify(log) by extensions ['ignore', 'ignore_ament_install']
[0.202s] Level 1:colcon.colcon_core.package_identification:_identify(log) by extension 'ignore'
[0.202s] Level 1:colcon.colcon_core.package_identification:_identify(log) ignored
[0.202s] Level 1:colcon.colcon_core.package_discovery:discover_packages(recursive) using defaults
[0.202s] Level 1:colcon.colcon_core.package_discovery:discover_packages(ignore) discover
[0.202s] Level 1:colcon.colcon_core.package_discovery:discover_packages(ignore) using defaults
[0.202s] Level 1:colcon.colcon_core.package_discovery:discover_packages(path) discover
[0.202s] Level 1:colcon.colcon_core.package_discovery:discover_packages(path) using defaults
[0.220s] Level 1:colcon.colcon_core.package_discovery:discover_packages(prefix_path) check parameters
[0.221s] Level 1:colcon.colcon_core.package_discovery:discover_packages(prefix_path) discover
[0.222s] DEBUG:colcon.colcon_installed_package_information.package_discovery:Found 271 installed packages in /opt/ros/humble
[0.223s] Level 1:colcon.colcon_core.package_discovery:discover_packages(prefix_path) using defaults
[0.247s] Level 5:colcon.colcon_core.verb:set package 'camera_model' build argument 'cmake_args' from command line to 'None'
[0.247s] Level 5:colcon.colcon_core.verb:set package 'camera_model' build argument 'cmake_target' from command line to 'None'
[0.247s] Level 5:colcon.colcon_core.verb:set package 'camera_model' build argument 'cmake_target_skip_unavailable' from command line to 'False'
[0.247s] Level 5:colcon.colcon_core.verb:set package 'camera_model' build argument 'cmake_clean_cache' from command line to 'False'
[0.247s] Level 5:colcon.colcon_core.verb:set package 'camera_model' build argument 'cmake_clean_first' from command line to 'False'
[0.247s] Level 5:colcon.colcon_core.verb:set package 'camera_model' build argument 'cmake_force_configure' from command line to 'False'
[0.247s] Level 5:colcon.colcon_core.verb:set package 'camera_model' build argument 'ament_cmake_args' from command line to 'None'
[0.247s] Level 5:colcon.colcon_core.verb:set package 'camera_model' build argument 'catkin_cmake_args' from command line to 'None'
[0.248s] Level 5:colcon.colcon_core.verb:set package 'camera_model' build argument 'catkin_skip_building_tests' from command line to 'False'
[0.248s] DEBUG:colcon.colcon_core.verb:Building package 'camera_model' with the following arguments: {'ament_cmake_args': None, 'build_base': '/home/knulp/dev_ws/knulp_navigator/build/camera_model', 'catkin_cmake_args': None, 'catkin_skip_building_tests': False, 'cmake_args': None, 'cmake_clean_cache': False, 'cmake_clean_first': False, 'cmake_force_configure': False, 'cmake_target': None, 'cmake_target_skip_unavailable': False, 'install_base': '/home/knulp/dev_ws/knulp_navigator/install/camera_model', 'merge_install': False, 'path': '/home/knulp/dev_ws/knulp_navigator/camera_model', 'symlink_install': False, 'test_result_base': None}
[0.248s] Level 5:colcon.colcon_core.verb:set package 'feature_tracker' build argument 'cmake_args' from command line to 'None'
[0.248s] Level 5:colcon.colcon_core.verb:set package 'feature_tracker' build argument 'cmake_target' from command line to 'None'
[0.248s] Level 5:colcon.colcon_core.verb:set package 'feature_tracker' build argument 'cmake_target_skip_unavailable' from command line to 'False'
[0.248s] Level 5:colcon.colcon_core.verb:set package 'feature_tracker' build argument 'cmake_clean_cache' from command line to 'False'
[0.248s] Level 5:colcon.colcon_core.verb:set package 'feature_tracker' build argument 'cmake_clean_first' from command line to 'False'
[0.248s] Level 5:colcon.colcon_core.verb:set package 'feature_tracker' build argument 'cmake_force_configure' from command line to 'False'
[0.248s] Level 5:colcon.colcon_core.verb:set package 'feature_tracker' build argument 'ament_cmake_args' from command line to 'None'
[0.248s] Level 5:colcon.colcon_core.verb:set package 'feature_tracker' build argument 'catkin_cmake_args' from command line to 'None'
[0.248s] Level 5:colcon.colcon_core.verb:set package 'feature_tracker' build argument 'catkin_skip_building_tests' from command line to 'False'
[0.248s] DEBUG:colcon.colcon_core.verb:Building package 'feature_tracker' with the following arguments: {'ament_cmake_args': None, 'build_base': '/home/knulp/dev_ws/knulp_navigator/build/feature_tracker', 'catkin_cmake_args': None, 'catkin_skip_building_tests': False, 'cmake_args': None, 'cmake_clean_cache': False, 'cmake_clean_first': False, 'cmake_force_configure': False, 'cmake_target': None, 'cmake_target_skip_unavailable': False, 'install_base': '/home/knulp/dev_ws/knulp_navigator/install/feature_tracker', 'merge_install': False, 'path': '/home/knulp/dev_ws/knulp_navigator/feature_tracker', 'symlink_install': False, 'test_result_base': None}
[0.248s] INFO:colcon.colcon_core.executor:Executing jobs using 'parallel' executor
[0.249s] DEBUG:colcon.colcon_parallel_executor.executor.parallel:run_until_complete
[0.249s] INFO:colcon.colcon_ros.task.ament_cmake.build:Building ROS package in '/home/knulp/dev_ws/knulp_navigator/camera_model' with build type 'ament_cmake'
[0.249s] INFO:colcon.colcon_cmake.task.cmake.build:Building CMake package in '/home/knulp/dev_ws/knulp_navigator/camera_model'
[0.250s] INFO:colcon.colcon_core.plugin_system:Skipping extension 'colcon_core.shell.bat': Not used on non-Windows systems
[0.250s] INFO:colcon.colcon_core.shell:Skip shell extension 'powershell' for command environment: Not usable outside of PowerShell
[0.250s] DEBUG:colcon.colcon_core.shell:Skip shell extension 'dsv' for command environment
[0.256s] DEBUG:colcon.colcon_core.event_handler.log_command:Invoking command in '/home/knulp/dev_ws/knulp_navigator/build/camera_model': CMAKE_PREFIX_PATH=/opt/ros/humble /usr/bin/cmake --build /home/knulp/dev_ws/knulp_navigator/build/camera_model -- -j12 -l12
[0.320s] DEBUG:colcon.colcon_core.event_handler.log_command:Invoked command in '/home/knulp/dev_ws/knulp_navigator/build/camera_model' returned '0': CMAKE_PREFIX_PATH=/opt/ros/humble /usr/bin/cmake --build /home/knulp/dev_ws/knulp_navigator/build/camera_model -- -j12 -l12
[0.329s] DEBUG:colcon.colcon_core.event_handler.log_command:Invoking command in '/home/knulp/dev_ws/knulp_navigator/build/camera_model': CMAKE_PREFIX_PATH=/opt/ros/humble /usr/bin/cmake --install /home/knulp/dev_ws/knulp_navigator/build/camera_model
[0.337s] Level 1:colcon.colcon_core.environment:create_environment_scripts_only(camera_model)
[0.337s] DEBUG:colcon.colcon_core.event_handler.log_command:Invoked command in '/home/knulp/dev_ws/knulp_navigator/build/camera_model' returned '0': CMAKE_PREFIX_PATH=/opt/ros/humble /usr/bin/cmake --install /home/knulp/dev_ws/knulp_navigator/build/camera_model
[0.339s] Level 1:colcon.colcon_core.environment:checking '/home/knulp/dev_ws/knulp_navigator/install/camera_model' for CMake module files
[0.340s] Level 1:colcon.colcon_core.environment:checking '/home/knulp/dev_ws/knulp_navigator/install/camera_model' for CMake config files
[0.340s] Level 1:colcon.colcon_core.shell:create_environment_hook('camera_model', 'cmake_prefix_path')
[0.340s] INFO:colcon.colcon_core.shell:Creating environment hook '/home/knulp/dev_ws/knulp_navigator/install/camera_model/share/camera_model/hook/cmake_prefix_path.ps1'
[0.341s] INFO:colcon.colcon_core.shell:Creating environment descriptor '/home/knulp/dev_ws/knulp_navigator/install/camera_model/share/camera_model/hook/cmake_prefix_path.dsv'
[0.341s] INFO:colcon.colcon_core.shell:Creating environment hook '/home/knulp/dev_ws/knulp_navigator/install/camera_model/share/camera_model/hook/cmake_prefix_path.sh'
[0.342s] Level 1:colcon.colcon_core.environment:checking '/home/knulp/dev_ws/knulp_navigator/install/camera_model/lib'
[0.342s] Level 1:colcon.colcon_core.environment:checking '/home/knulp/dev_ws/knulp_navigator/install/camera_model/bin'
[0.342s] Level 1:colcon.colcon_core.shell:create_environment_hook('camera_model', 'path')
[0.342s] INFO:colcon.colcon_core.shell:Creating environment hook '/home/knulp/dev_ws/knulp_navigator/install/camera_model/share/camera_model/hook/path.ps1'
[0.343s] INFO:colcon.colcon_core.shell:Creating environment descriptor '/home/knulp/dev_ws/knulp_navigator/install/camera_model/share/camera_model/hook/path.dsv'
[0.343s] INFO:colcon.colcon_core.shell:Creating environment hook '/home/knulp/dev_ws/knulp_navigator/install/camera_model/share/camera_model/hook/path.sh'
[0.343s] Level 1:colcon.colcon_core.environment:checking '/home/knulp/dev_ws/knulp_navigator/install/camera_model/lib/pkgconfig/camera_model.pc'
[0.343s] Level 1:colcon.colcon_core.environment:checking '/home/knulp/dev_ws/knulp_navigator/install/camera_model/lib/python3.10/site-packages'
[0.344s] Level 1:colcon.colcon_core.environment:checking '/home/knulp/dev_ws/knulp_navigator/install/camera_model/bin'
[0.344s] Level 1:colcon.colcon_core.shell:create_environment_hook('camera_model', 'pythonscriptspath')
[0.344s] INFO:colcon.colcon_core.shell:Creating environment hook '/home/knulp/dev_ws/knulp_navigator/install/camera_model/share/camera_model/hook/pythonscriptspath.ps1'
[0.344s] INFO:colcon.colcon_core.shell:Creating environment descriptor '/home/knulp/dev_ws/knulp_navigator/install/camera_model/share/camera_model/hook/pythonscriptspath.dsv'
[0.344s] INFO:colcon.colcon_core.shell:Creating environment hook '/home/knulp/dev_ws/knulp_navigator/install/camera_model/share/camera_model/hook/pythonscriptspath.sh'
[0.345s] INFO:colcon.colcon_core.shell:Creating package script '/home/knulp/dev_ws/knulp_navigator/install/camera_model/share/camera_model/package.ps1'
[0.345s] INFO:colcon.colcon_core.shell:Creating package descriptor '/home/knulp/dev_ws/knulp_navigator/install/camera_model/share/camera_model/package.dsv'
[0.346s] INFO:colcon.colcon_core.shell:Creating package script '/home/knulp/dev_ws/knulp_navigator/install/camera_model/share/camera_model/package.sh'
[0.346s] INFO:colcon.colcon_core.shell:Creating package script '/home/knulp/dev_ws/knulp_navigator/install/camera_model/share/camera_model/package.bash'
[0.347s] INFO:colcon.colcon_core.shell:Creating package script '/home/knulp/dev_ws/knulp_navigator/install/camera_model/share/camera_model/package.zsh'
[0.347s] Level 1:colcon.colcon_core.environment:create_file_with_runtime_dependencies(/home/knulp/dev_ws/knulp_navigator/install/camera_model/share/colcon-core/packages/camera_model)
[0.347s] Level 1:colcon.colcon_core.environment:create_environment_scripts_only(camera_model)
[0.347s] Level 1:colcon.colcon_core.environment:checking '/home/knulp/dev_ws/knulp_navigator/install/camera_model' for CMake module files
[0.348s] Level 1:colcon.colcon_core.environment:checking '/home/knulp/dev_ws/knulp_navigator/install/camera_model' for CMake config files
[0.348s] Level 1:colcon.colcon_core.shell:create_environment_hook('camera_model', 'cmake_prefix_path')
[0.348s] INFO:colcon.colcon_core.shell:Creating environment hook '/home/knulp/dev_ws/knulp_navigator/install/camera_model/share/camera_model/hook/cmake_prefix_path.ps1'
[0.348s] INFO:colcon.colcon_core.shell:Creating environment descriptor '/home/knulp/dev_ws/knulp_navigator/install/camera_model/share/camera_model/hook/cmake_prefix_path.dsv'
[0.349s] INFO:colcon.colcon_core.shell:Creating environment hook '/home/knulp/dev_ws/knulp_navigator/install/camera_model/share/camera_model/hook/cmake_prefix_path.sh'
[0.349s] Level 1:colcon.colcon_core.environment:checking '/home/knulp/dev_ws/knulp_navigator/install/camera_model/lib'
[0.349s] Level 1:colcon.colcon_core.environment:checking '/home/knulp/dev_ws/knulp_navigator/install/camera_model/bin'
[0.349s] Level 1:colcon.colcon_core.shell:create_environment_hook('camera_model', 'path')
[0.349s] INFO:colcon.colcon_core.shell:Creating environment hook '/home/knulp/dev_ws/knulp_navigator/install/camera_model/share/camera_model/hook/path.ps1'
[0.349s] INFO:colcon.colcon_core.shell:Creating environment descriptor '/home/knulp/dev_ws/knulp_navigator/install/camera_model/share/camera_model/hook/path.dsv'
[0.350s] INFO:colcon.colcon_core.shell:Creating environment hook '/home/knulp/dev_ws/knulp_navigator/install/camera_model/share/camera_model/hook/path.sh'
[0.350s] Level 1:colcon.colcon_core.environment:checking '/home/knulp/dev_ws/knulp_navigator/install/camera_model/lib/pkgconfig/camera_model.pc'
[0.350s] Level 1:colcon.colcon_core.environment:checking '/home/knulp/dev_ws/knulp_navigator/install/camera_model/lib/python3.10/site-packages'
[0.350s] Level 1:colcon.colcon_core.environment:checking '/home/knulp/dev_ws/knulp_navigator/install/camera_model/bin'
[0.350s] Level 1:colcon.colcon_core.shell:create_environment_hook('camera_model', 'pythonscriptspath')
[0.350s] INFO:colcon.colcon_core.shell:Creating environment hook '/home/knulp/dev_ws/knulp_navigator/install/camera_model/share/camera_model/hook/pythonscriptspath.ps1'
[0.351s] INFO:colcon.colcon_core.shell:Creating environment descriptor '/home/knulp/dev_ws/knulp_navigator/install/camera_model/share/camera_model/hook/pythonscriptspath.dsv'
[0.351s] INFO:colcon.colcon_core.shell:Creating environment hook '/home/knulp/dev_ws/knulp_navigator/install/camera_model/share/camera_model/hook/pythonscriptspath.sh'
[0.351s] INFO:colcon.colcon_core.shell:Creating package script '/home/knulp/dev_ws/knulp_navigator/install/camera_model/share/camera_model/package.ps1'
[0.352s] INFO:colcon.colcon_core.shell:Creating package descriptor '/home/knulp/dev_ws/knulp_navigator/install/camera_model/share/camera_model/package.dsv'
[0.352s] INFO:colcon.colcon_core.shell:Creating package script '/home/knulp/dev_ws/knulp_navigator/install/camera_model/share/camera_model/package.sh'
[0.352s] INFO:colcon.colcon_core.shell:Creating package script '/home/knulp/dev_ws/knulp_navigator/install/camera_model/share/camera_model/package.bash'
[0.353s] INFO:colcon.colcon_core.shell:Creating package script '/home/knulp/dev_ws/knulp_navigator/install/camera_model/share/camera_model/package.zsh'
[0.353s] Level 1:colcon.colcon_core.environment:create_file_with_runtime_dependencies(/home/knulp/dev_ws/knulp_navigator/install/camera_model/share/colcon-core/packages/camera_model)
[0.353s] INFO:colcon.colcon_ros.task.ament_cmake.build:Building ROS package in '/home/knulp/dev_ws/knulp_navigator/feature_tracker' with build type 'ament_cmake'
[0.353s] INFO:colcon.colcon_cmake.task.cmake.build:Building CMake package in '/home/knulp/dev_ws/knulp_navigator/feature_tracker'
[0.353s] INFO:colcon.colcon_core.shell:Skip shell extension 'powershell' for command environment: Not usable outside of PowerShell
[0.353s] DEBUG:colcon.colcon_core.shell:Skip shell extension 'dsv' for command environment
[0.361s] DEBUG:colcon.colcon_core.event_handler.log_command:Invoking command in '/home/knulp/dev_ws/knulp_navigator/build/feature_tracker': AMENT_PREFIX_PATH=/home/knulp/dev_ws/knulp_navigator/install/camera_model:${AMENT_PREFIX_PATH} CMAKE_PREFIX_PATH=/home/knulp/dev_ws/knulp_navigator/install/camera_model:/opt/ros/humble LD_LIBRARY_PATH=/home/knulp/dev_ws/knulp_navigator/install/camera_model/lib:${LD_LIBRARY_PATH} PATH=/home/knulp/dev_ws/knulp_navigator/install/camera_model/bin:${PATH} /usr/bin/cmake --build /home/knulp/dev_ws/knulp_navigator/build/feature_tracker -- -j12 -l12
[0.438s] DEBUG:colcon.colcon_core.event_handler.log_command:Invoked command in '/home/knulp/dev_ws/knulp_navigator/build/feature_tracker' returned '0': AMENT_PREFIX_PATH=/home/knulp/dev_ws/knulp_navigator/install/camera_model:${AMENT_PREFIX_PATH} CMAKE_PREFIX_PATH=/home/knulp/dev_ws/knulp_navigator/install/camera_model:/opt/ros/humble LD_LIBRARY_PATH=/home/knulp/dev_ws/knulp_navigator/install/camera_model/lib:${LD_LIBRARY_PATH} PATH=/home/knulp/dev_ws/knulp_navigator/install/camera_model/bin:${PATH} /usr/bin/cmake --build /home/knulp/dev_ws/knulp_navigator/build/feature_tracker -- -j12 -l12
[0.440s] DEBUG:colcon.colcon_core.event_handler.log_command:Invoking command in '/home/knulp/dev_ws/knulp_navigator/build/feature_tracker': AMENT_PREFIX_PATH=/home/knulp/dev_ws/knulp_navigator/install/camera_model:${AMENT_PREFIX_PATH} CMAKE_PREFIX_PATH=/home/knulp/dev_ws/knulp_navigator/install/camera_model:/opt/ros/humble LD_LIBRARY_PATH=/home/knulp/dev_ws/knulp_navigator/install/camera_model/lib:${LD_LIBRARY_PATH} PATH=/home/knulp/dev_ws/knulp_navigator/install/camera_model/bin:${PATH} /usr/bin/cmake --install /home/knulp/dev_ws/knulp_navigator/build/feature_tracker
[0.448s] Level 1:colcon.colcon_core.environment:create_environment_scripts_only(feature_tracker)
[0.449s] Level 1:colcon.colcon_core.environment:checking '/home/knulp/dev_ws/knulp_navigator/install/feature_tracker' for CMake module files
[0.449s] DEBUG:colcon.colcon_core.event_handler.log_command:Invoked command in '/home/knulp/dev_ws/knulp_navigator/build/feature_tracker' returned '0': AMENT_PREFIX_PATH=/home/knulp/dev_ws/knulp_navigator/install/camera_model:${AMENT_PREFIX_PATH} CMAKE_PREFIX_PATH=/home/knulp/dev_ws/knulp_navigator/install/camera_model:/opt/ros/humble LD_LIBRARY_PATH=/home/knulp/dev_ws/knulp_navigator/install/camera_model/lib:${LD_LIBRARY_PATH} PATH=/home/knulp/dev_ws/knulp_navigator/install/camera_model/bin:${PATH} /usr/bin/cmake --install /home/knulp/dev_ws/knulp_navigator/build/feature_tracker
[0.449s] Level 1:colcon.colcon_core.environment:checking '/home/knulp/dev_ws/knulp_navigator/install/feature_tracker' for CMake config files
[0.449s] Level 1:colcon.colcon_core.shell:create_environment_hook('feature_tracker', 'cmake_prefix_path')
[0.449s] INFO:colcon.colcon_core.shell:Creating environment hook '/home/knulp/dev_ws/knulp_navigator/install/feature_tracker/share/feature_tracker/hook/cmake_prefix_path.ps1'
[0.450s] INFO:colcon.colcon_core.shell:Creating environment descriptor '/home/knulp/dev_ws/knulp_navigator/install/feature_tracker/share/feature_tracker/hook/cmake_prefix_path.dsv'
[0.450s] INFO:colcon.colcon_core.shell:Creating environment hook '/home/knulp/dev_ws/knulp_navigator/install/feature_tracker/share/feature_tracker/hook/cmake_prefix_path.sh'
[0.450s] Level 1:colcon.colcon_core.environment:checking '/home/knulp/dev_ws/knulp_navigator/install/feature_tracker/lib'
[0.450s] Level 1:colcon.colcon_core.environment:checking '/home/knulp/dev_ws/knulp_navigator/install/feature_tracker/bin'
[0.450s] Level 1:colcon.colcon_core.environment:checking '/home/knulp/dev_ws/knulp_navigator/install/feature_tracker/lib/pkgconfig/feature_tracker.pc'
[0.450s] Level 1:colcon.colcon_core.environment:checking '/home/knulp/dev_ws/knulp_navigator/install/feature_tracker/lib/python3.10/site-packages'
[0.451s] Level 1:colcon.colcon_core.environment:checking '/home/knulp/dev_ws/knulp_navigator/install/feature_tracker/bin'
[0.451s] INFO:colcon.colcon_core.shell:Creating package script '/home/knulp/dev_ws/knulp_navigator/install/feature_tracker/share/feature_tracker/package.ps1'
[0.451s] INFO:colcon.colcon_core.shell:Creating package descriptor '/home/knulp/dev_ws/knulp_navigator/install/feature_tracker/share/feature_tracker/package.dsv'
[0.451s] INFO:colcon.colcon_core.shell:Creating package script '/home/knulp/dev_ws/knulp_navigator/install/feature_tracker/share/feature_tracker/package.sh'
[0.452s] INFO:colcon.colcon_core.shell:Creating package script '/home/knulp/dev_ws/knulp_navigator/install/feature_tracker/share/feature_tracker/package.bash'
[0.452s] INFO:colcon.colcon_core.shell:Creating package script '/home/knulp/dev_ws/knulp_navigator/install/feature_tracker/share/feature_tracker/package.zsh'
[0.452s] Level 1:colcon.colcon_core.environment:create_file_with_runtime_dependencies(/home/knulp/dev_ws/knulp_navigator/install/feature_tracker/share/colcon-core/packages/feature_tracker)
[0.452s] Level 1:colcon.colcon_core.environment:create_environment_scripts_only(feature_tracker)
[0.453s] Level 1:colcon.colcon_core.environment:checking '/home/knulp/dev_ws/knulp_navigator/install/feature_tracker' for CMake module files
[0.453s] Level 1:colcon.colcon_core.environment:checking '/home/knulp/dev_ws/knulp_navigator/install/feature_tracker' for CMake config files
[0.453s] Level 1:colcon.colcon_core.shell:create_environment_hook('feature_tracker', 'cmake_prefix_path')
[0.453s] INFO:colcon.colcon_core.shell:Creating environment hook '/home/knulp/dev_ws/knulp_navigator/install/feature_tracker/share/feature_tracker/hook/cmake_prefix_path.ps1'
[0.453s] INFO:colcon.colcon_core.shell:Creating environment descriptor '/home/knulp/dev_ws/knulp_navigator/install/feature_tracker/share/feature_tracker/hook/cmake_prefix_path.dsv'
[0.454s] INFO:colcon.colcon_core.shell:Creating environment hook '/home/knulp/dev_ws/knulp_navigator/install/feature_tracker/share/feature_tracker/hook/cmake_prefix_path.sh'
[0.454s] Level 1:colcon.colcon_core.environment:checking '/home/knulp/dev_ws/knulp_navigator/install/feature_tracker/lib'
[0.454s] Level 1:colcon.colcon_core.environment:checking '/home/knulp/dev_ws/knulp_navigator/install/feature_tracker/bin'
[0.454s] Level 1:colcon.colcon_core.environment:checking '/home/knulp/dev_ws/knulp_navigator/install/feature_tracker/lib/pkgconfig/feature_tracker.pc'
[0.454s] Level 1:colcon.colcon_core.environment:checking '/home/knulp/dev_ws/knulp_navigator/install/feature_tracker/lib/python3.10/site-packages'
[0.454s] Level 1:colcon.colcon_core.environment:checking '/home/knulp/dev_ws/knulp_navigator/install/feature_tracker/bin'
[0.455s] INFO:colcon.colcon_core.shell:Creating package script '/home/knulp/dev_ws/knulp_navigator/install/feature_tracker/share/feature_tracker/package.ps1'
[0.455s] INFO:colcon.colcon_core.shell:Creating package descriptor '/home/knulp/dev_ws/knulp_navigator/install/feature_tracker/share/feature_tracker/package.dsv'
[0.455s] INFO:colcon.colcon_core.shell:Creating package script '/home/knulp/dev_ws/knulp_navigator/install/feature_tracker/share/feature_tracker/package.sh'
[0.455s] INFO:colcon.colcon_core.shell:Creating package script '/home/knulp/dev_ws/knulp_navigator/install/feature_tracker/share/feature_tracker/package.bash'
[0.456s] INFO:colcon.colcon_core.shell:Creating package script '/home/knulp/dev_ws/knulp_navigator/install/feature_tracker/share/feature_tracker/package.zsh'
[0.456s] Level 1:colcon.colcon_core.environment:create_file_with_runtime_dependencies(/home/knulp/dev_ws/knulp_navigator/install/feature_tracker/share/colcon-core/packages/feature_tracker)
[0.456s] DEBUG:colcon.colcon_parallel_executor.executor.parallel:closing loop
[0.456s] DEBUG:colcon.colcon_parallel_executor.executor.parallel:loop closed
[0.456s] DEBUG:colcon.colcon_parallel_executor.executor.parallel:run_until_complete finished with '0'
[0.456s] DEBUG:colcon.colcon_core.event_reactor:joining thread
[0.461s] INFO:colcon.colcon_core.plugin_system:Skipping extension 'colcon_notification.desktop_notification.terminal_notifier': Not used on non-Darwin systems
[0.461s] INFO:colcon.colcon_core.plugin_system:Skipping extension 'colcon_notification.desktop_notification.win32': Not used on non-Windows systems
[0.461s] INFO:colcon.colcon_notification.desktop_notification:Sending desktop notification using 'notify2'
[0.470s] DEBUG:colcon.colcon_core.event_reactor:joined thread
[0.470s] INFO:colcon.colcon_core.shell:Creating prefix script '/home/knulp/dev_ws/knulp_navigator/install/local_setup.ps1'
[0.471s] INFO:colcon.colcon_core.shell:Creating prefix util module '/home/knulp/dev_ws/knulp_navigator/install/_local_setup_util_ps1.py'
[0.473s] INFO:colcon.colcon_core.shell:Creating prefix chain script '/home/knulp/dev_ws/knulp_navigator/install/setup.ps1'
[0.473s] INFO:colcon.colcon_core.shell:Creating prefix script '/home/knulp/dev_ws/knulp_navigator/install/local_setup.sh'
[0.474s] INFO:colcon.colcon_core.shell:Creating prefix util module '/home/knulp/dev_ws/knulp_navigator/install/_local_setup_util_sh.py'
[0.474s] INFO:colcon.colcon_core.shell:Creating prefix chain script '/home/knulp/dev_ws/knulp_navigator/install/setup.sh'
[0.476s] INFO:colcon.colcon_core.shell:Creating prefix script '/home/knulp/dev_ws/knulp_navigator/install/local_setup.bash'
[0.476s] INFO:colcon.colcon_core.shell:Creating prefix chain script '/home/knulp/dev_ws/knulp_navigator/install/setup.bash'
[0.478s] INFO:colcon.colcon_core.shell:Creating prefix script '/home/knulp/dev_ws/knulp_navigator/install/local_setup.zsh'
[0.478s] INFO:colcon.colcon_core.shell:Creating prefix chain script '/home/knulp/dev_ws/knulp_navigator/install/setup.zsh'
