[0.007s] Invoking command in '/home/knulp/dev_ws/knulp_navigator/build/feature_tracker': AMENT_PREFIX_PATH=/home/knulp/dev_ws/knulp_navigator/install/camera_model:${AMENT_PREFIX_PATH} CMAKE_PREFIX_PATH=/home/knulp/dev_ws/knulp_navigator/install/camera_model:/opt/ros/humble LD_LIBRARY_PATH=/home/knulp/dev_ws/knulp_navigator/install/camera_model/lib:${LD_LIBRARY_PATH} PATH=/home/knulp/dev_ws/knulp_navigator/install/camera_model/bin:${PATH} /usr/bin/cmake --build /home/knulp/dev_ws/knulp_navigator/build/feature_tracker -- -j12 -l12
[0.046s] [35m[1mConsolidate compiler generated dependencies of target feature_tracker[0m
[0.075s] [100%] Built target feature_tracker
[0.084s] Invoked command in '/home/knulp/dev_ws/knulp_navigator/build/feature_tracker' returned '0': AMENT_PREFIX_PATH=/home/knulp/dev_ws/knulp_navigator/install/camera_model:${AMENT_PREFIX_PATH} CMAKE_PREFIX_PATH=/home/knulp/dev_ws/knulp_navigator/install/camera_model:/opt/ros/humble LD_LIBRARY_PATH=/home/knulp/dev_ws/knulp_navigator/install/camera_model/lib:${LD_LIBRARY_PATH} PATH=/home/knulp/dev_ws/knulp_navigator/install/camera_model/bin:${PATH} /usr/bin/cmake --build /home/knulp/dev_ws/knulp_navigator/build/feature_tracker -- -j12 -l12
[0.086s] Invoking command in '/home/knulp/dev_ws/knulp_navigator/build/feature_tracker': AMENT_PREFIX_PATH=/home/knulp/dev_ws/knulp_navigator/install/camera_model:${AMENT_PREFIX_PATH} CMAKE_PREFIX_PATH=/home/knulp/dev_ws/knulp_navigator/install/camera_model:/opt/ros/humble LD_LIBRARY_PATH=/home/knulp/dev_ws/knulp_navigator/install/camera_model/lib:${LD_LIBRARY_PATH} PATH=/home/knulp/dev_ws/knulp_navigator/install/camera_model/bin:${PATH} /usr/bin/cmake --install /home/knulp/dev_ws/knulp_navigator/build/feature_tracker
[0.092s] -- Install configuration: "Release"
[0.092s] -- Up-to-date: /home/knulp/dev_ws/knulp_navigator/install/feature_tracker/lib/feature_tracker/feature_tracker
[0.092s] -- Up-to-date: /home/knulp/dev_ws/knulp_navigator/install/feature_tracker/share/ament_index/resource_index/package_run_dependencies/feature_tracker
[0.092s] -- Up-to-date: /home/knulp/dev_ws/knulp_navigator/install/feature_tracker/share/ament_index/resource_index/parent_prefix_path/feature_tracker
[0.093s] -- Up-to-date: /home/knulp/dev_ws/knulp_navigator/install/feature_tracker/share/feature_tracker/environment/ament_prefix_path.sh
[0.093s] -- Up-to-date: /home/knulp/dev_ws/knulp_navigator/install/feature_tracker/share/feature_tracker/environment/ament_prefix_path.dsv
[0.093s] -- Up-to-date: /home/knulp/dev_ws/knulp_navigator/install/feature_tracker/share/feature_tracker/environment/path.sh
[0.093s] -- Up-to-date: /home/knulp/dev_ws/knulp_navigator/install/feature_tracker/share/feature_tracker/environment/path.dsv
[0.093s] -- Up-to-date: /home/knulp/dev_ws/knulp_navigator/install/feature_tracker/share/feature_tracker/local_setup.bash
[0.093s] -- Up-to-date: /home/knulp/dev_ws/knulp_navigator/install/feature_tracker/share/feature_tracker/local_setup.sh
[0.093s] -- Up-to-date: /home/knulp/dev_ws/knulp_navigator/install/feature_tracker/share/feature_tracker/local_setup.zsh
[0.093s] -- Up-to-date: /home/knulp/dev_ws/knulp_navigator/install/feature_tracker/share/feature_tracker/local_setup.dsv
[0.093s] -- Installing: /home/knulp/dev_ws/knulp_navigator/install/feature_tracker/share/feature_tracker/package.dsv
[0.093s] -- Up-to-date: /home/knulp/dev_ws/knulp_navigator/install/feature_tracker/share/ament_index/resource_index/packages/feature_tracker
[0.093s] -- Up-to-date: /home/knulp/dev_ws/knulp_navigator/install/feature_tracker/share/feature_tracker/cmake/feature_trackerConfig.cmake
[0.093s] -- Up-to-date: /home/knulp/dev_ws/knulp_navigator/install/feature_tracker/share/feature_tracker/cmake/feature_trackerConfig-version.cmake
[0.093s] -- Up-to-date: /home/knulp/dev_ws/knulp_navigator/install/feature_tracker/share/feature_tracker/package.xml
[0.095s] Invoked command in '/home/knulp/dev_ws/knulp_navigator/build/feature_tracker' returned '0': AMENT_PREFIX_PATH=/home/knulp/dev_ws/knulp_navigator/install/camera_model:${AMENT_PREFIX_PATH} CMAKE_PREFIX_PATH=/home/knulp/dev_ws/knulp_navigator/install/camera_model:/opt/ros/humble LD_LIBRARY_PATH=/home/knulp/dev_ws/knulp_navigator/install/camera_model/lib:${LD_LIBRARY_PATH} PATH=/home/knulp/dev_ws/knulp_navigator/install/camera_model/bin:${PATH} /usr/bin/cmake --install /home/knulp/dev_ws/knulp_navigator/build/feature_tracker
