[ 48%] Built target camera_model
[100%] Built target Calibration
-- Install configuration: ""
-- Up-to-date: /home/knulp/dev_ws/knulp_navigator/install/camera_model/share/camera_model/environment/library_path.sh
-- Up-to-date: /home/knulp/dev_ws/knulp_navigator/install/camera_model/share/camera_model/environment/library_path.dsv
-- Up-to-date: /home/knulp/dev_ws/knulp_navigator/install/camera_model/lib/camera_model/Calibration
-- Up-to-date: /home/knulp/dev_ws/knulp_navigator/install/camera_model/bin/Calibration
-- Up-to-date: /home/knulp/dev_ws/knulp_navigator/install/camera_model/lib/libcamera_model.a
-- Up-to-date: /home/knulp/dev_ws/knulp_navigator/install/camera_model/lib/camera_model/Calibration
-- Up-to-date: /home/knulp/dev_ws/knulp_navigator/install/camera_model/include/
-- Up-to-date: /home/knulp/dev_ws/knulp_navigator/install/camera_model/include//camodocal
-- Up-to-date: /home/knulp/dev_ws/knulp_navigator/install/camera_model/include//camodocal/camera_models
-- Up-to-date: /home/knulp/dev_ws/knulp_navigator/install/camera_model/include//camodocal/camera_models/EquidistantCamera.h
-- Up-to-date: /home/knulp/dev_ws/knulp_navigator/install/camera_model/include//camodocal/camera_models/PinholeCamera.h
-- Up-to-date: /home/knulp/dev_ws/knulp_navigator/install/camera_model/include//camodocal/camera_models/Camera.h
-- Up-to-date: /home/knulp/dev_ws/knulp_navigator/install/camera_model/include//camodocal/camera_models/CameraFactory.h
-- Up-to-date: /home/knulp/dev_ws/knulp_navigator/install/camera_model/include//camodocal/camera_models/CataCamera.h
-- Up-to-date: /home/knulp/dev_ws/knulp_navigator/install/camera_model/include//camodocal/camera_models/ScaramuzzaCamera.h
-- Up-to-date: /home/knulp/dev_ws/knulp_navigator/install/camera_model/include//camodocal/camera_models/CostFunctionFactory.h
-- Up-to-date: /home/knulp/dev_ws/knulp_navigator/install/camera_model/include//camodocal/calib
-- Up-to-date: /home/knulp/dev_ws/knulp_navigator/install/camera_model/include//camodocal/calib/CameraCalibration.h
-- Up-to-date: /home/knulp/dev_ws/knulp_navigator/install/camera_model/include//camodocal/gpl
-- Up-to-date: /home/knulp/dev_ws/knulp_navigator/install/camera_model/include//camodocal/gpl/gpl.h
-- Up-to-date: /home/knulp/dev_ws/knulp_navigator/install/camera_model/include//camodocal/gpl/EigenUtils.h
-- Up-to-date: /home/knulp/dev_ws/knulp_navigator/install/camera_model/include//camodocal/gpl/EigenQuaternionParameterization.h
-- Up-to-date: /home/knulp/dev_ws/knulp_navigator/install/camera_model/include//camodocal/chessboard
-- Up-to-date: /home/knulp/dev_ws/knulp_navigator/install/camera_model/include//camodocal/chessboard/ChessboardQuad.h
-- Up-to-date: /home/knulp/dev_ws/knulp_navigator/install/camera_model/include//camodocal/chessboard/Chessboard.h
-- Up-to-date: /home/knulp/dev_ws/knulp_navigator/install/camera_model/include//camodocal/chessboard/ChessboardCorner.h
-- Up-to-date: /home/knulp/dev_ws/knulp_navigator/install/camera_model/include//camodocal/chessboard/Spline.h
-- Up-to-date: /home/knulp/dev_ws/knulp_navigator/install/camera_model/include//camodocal/sparse_graph
-- Up-to-date: /home/knulp/dev_ws/knulp_navigator/install/camera_model/include//camodocal/sparse_graph/Transform.h
-- Up-to-date: /home/knulp/dev_ws/knulp_navigator/install/camera_model/share/ament_index/resource_index/package_run_dependencies/camera_model
-- Up-to-date: /home/knulp/dev_ws/knulp_navigator/install/camera_model/share/ament_index/resource_index/parent_prefix_path/camera_model
-- Up-to-date: /home/knulp/dev_ws/knulp_navigator/install/camera_model/share/camera_model/environment/ament_prefix_path.sh
-- Up-to-date: /home/knulp/dev_ws/knulp_navigator/install/camera_model/share/camera_model/environment/ament_prefix_path.dsv
-- Up-to-date: /home/knulp/dev_ws/knulp_navigator/install/camera_model/share/camera_model/environment/path.sh
-- Up-to-date: /home/knulp/dev_ws/knulp_navigator/install/camera_model/share/camera_model/environment/path.dsv
-- Up-to-date: /home/knulp/dev_ws/knulp_navigator/install/camera_model/share/camera_model/local_setup.bash
-- Up-to-date: /home/knulp/dev_ws/knulp_navigator/install/camera_model/share/camera_model/local_setup.sh
-- Up-to-date: /home/knulp/dev_ws/knulp_navigator/install/camera_model/share/camera_model/local_setup.zsh
-- Up-to-date: /home/knulp/dev_ws/knulp_navigator/install/camera_model/share/camera_model/local_setup.dsv
-- Installing: /home/knulp/dev_ws/knulp_navigator/install/camera_model/share/camera_model/package.dsv
-- Up-to-date: /home/knulp/dev_ws/knulp_navigator/install/camera_model/share/ament_index/resource_index/packages/camera_model
-- Up-to-date: /home/knulp/dev_ws/knulp_navigator/install/camera_model/share/camera_model/cmake/ament_cmake_export_include_directories-extras.cmake
-- Up-to-date: /home/knulp/dev_ws/knulp_navigator/install/camera_model/share/camera_model/cmake/ament_cmake_export_libraries-extras.cmake
-- Up-to-date: /home/knulp/dev_ws/knulp_navigator/install/camera_model/share/camera_model/cmake/ament_cmake_export_dependencies-extras.cmake
-- Up-to-date: /home/knulp/dev_ws/knulp_navigator/install/camera_model/share/camera_model/cmake/camera_modelConfig.cmake
-- Up-to-date: /home/knulp/dev_ws/knulp_navigator/install/camera_model/share/camera_model/cmake/camera_modelConfig-version.cmake
-- Up-to-date: /home/knulp/dev_ws/knulp_navigator/install/camera_model/share/camera_model/package.xml
